Build started 5/13/2015 10:16:46 PM.
     1>Project "C:\Users\XM\Desktop\CSE_125_GAME_REPO\VoelkeriesCrusaders\server\VCrusadersServer.vcxproj" on node 2 (Build target(s)).
     1>Link:
         C:\Program Files (x86)\Microsoft Visual Studio 12.0\VC\bin\link.exe /ERRORREPORT:PROMPT /OUT:"C:\Users\XM\Desktop\CSE_125_GAME_REPO\VoelkeriesCrusaders\Release\server.exe" /INCREMENTAL:NO /NOLOGO kernel32.lib user32.lib gdi32.lib winspool.lib comdlg32.lib advapi32.lib shell32.lib ole32.lib oleaut32.lib uuid.lib odbc32.lib odbccp32.lib /MANIFEST /MANIFESTUAC:"level='asInvoker' uiAccess='false'" /manifest:embed /DEBUG /PDB:"C:\Users\XM\Desktop\CSE_125_GAME_REPO\VoelkeriesCrusaders\Release\server.pdb" /SUBSYSTEM:CONSOLE /OPT:REF /OPT:ICF /LTCG /TLBID:1 /DYNAMICBASE /NXCOMPAT /IMPLIB:"C:\Users\XM\Desktop\CSE_125_GAME_REPO\VoelkeriesCrusaders\Release\server.lib" /MACHINE:X86 /SAFESEH Release\Action.obj
         Release\Basic_Attack.obj
         Release\GameLogic.obj
         Release\GameObject.obj
         Release\main.obj
         Release\matrix34.obj
         Release\NetworkServices.obj
         Release\PacketParser.obj
         Release\Player.obj
         Release\ServerGame.obj
         Release\ServerNetwork.obj
         Release\stdafx.obj
         Release\vector3.obj
         Generating code
         Finished generating code
         VCrusadersServer.vcxproj -> C:\Users\XM\Desktop\CSE_125_GAME_REPO\VoelkeriesCrusaders\Release\server.exe
     1>Done Building Project "C:\Users\XM\Desktop\CSE_125_GAME_REPO\VoelkeriesCrusaders\server\VCrusadersServer.vcxproj" (Build target(s)).

Build succeeded.

Time Elapsed 00:00:02.12
