Build started 4/20/2015 6:11:27 AM.
     1>Project "C:\Users\Brandon\Documents\Source\Repos\VoelkeriesCrusaders\VoelkeriesCrusaders\VCrusadersClient\VCrusadersClient.vcxproj" on node 2 (Build target(s)).
     1>ClCompile:
         C:\Program Files (x86)\Microsoft Visual Studio 12.0\VC\bin\CL.exe /c /IC:/glfw/include /ZI /nologo /W3 /WX- /sdl /Od /Oy- /D WIN32 /D _CRT_SECURE_NO_WARNINGS /Gm /EHsc /RTC1 /MDd /GS /fp:precise /Zc:wchar_t /Zc:forScope /Fo"Debug\\" /Fd"Debug\vc120.pdb" /Gd /TP /analyze- /errorReport:prompt ClientGame.cpp
         ClientGame.cpp
     1>c:\users\brandon\documents\source\repos\voelkeriescrusaders\voelkeriescrusaders\vcrusadersclient\clientgame.cpp(24): warning C4101: 'packet_data' : unreferenced local variable
     1>c:\users\brandon\documents\source\repos\voelkeriescrusaders\voelkeriescrusaders\vcrusadersclient\clientgame.cpp(81): warning C4018: '<' : signed/unsigned mismatch
       Link:
         C:\Program Files (x86)\Microsoft Visual Studio 12.0\VC\bin\link.exe /ERRORREPORT:PROMPT /OUT:"C:\Users\Brandon\Documents\Source\Repos\VoelkeriesCrusaders\VoelkeriesCrusaders\Debug\VCrusadersClient.exe" /INCREMENTAL /NOLOGO /LIBPATH:C:/glfw/lib kernel32.lib glfw3.lib opengl32.lib glu32.lib user32.lib gdi32.lib winspool.lib comdlg32.lib advapi32.lib shell32.lib ole32.lib oleaut32.lib uuid.lib odbc32.lib odbccp32.lib kernel32.lib user32.lib gdi32.lib winspool.lib comdlg32.lib advapi32.lib shell32.lib ole32.lib oleaut32.lib uuid.lib odbc32.lib odbccp32.lib /MANIFEST /MANIFESTUAC:"level='asInvoker' uiAccess='false'" /manifest:embed /DEBUG /PDB:"C:\Users\Brandon\Documents\Source\Repos\VoelkeriesCrusaders\VoelkeriesCrusaders\Debug\VCrusadersClient.pdb" /SUBSYSTEM:WINDOWS /TLBID:1 /ENTRY:"mainCRTStartup" /DYNAMICBASE /NXCOMPAT /IMPLIB:"C:\Users\Brandon\Documents\Source\Repos\VoelkeriesCrusaders\VoelkeriesCrusaders\Debug\VCrusadersClient.lib" /MACHINE:X86 Debug\camera.obj
         Debug\ClientGame.obj
         Debug\ClientNetwork.obj
         Debug\core.obj
         Debug\GamePlay.obj
         Debug\matrix34.obj
         Debug\NetworkServices.obj
         Debug\objparser.obj
         Debug\player.obj
         Debug\stdafx.obj
         Debug\tester.obj
         Debug\vector3.obj
         Debug\Vector4.obj
     1>LINK : warning LNK4098: defaultlib 'MSVCRT' conflicts with use of other libs; use /NODEFAULTLIB:library
         VCrusadersClient.vcxproj -> C:\Users\Brandon\Documents\Source\Repos\VoelkeriesCrusaders\VoelkeriesCrusaders\Debug\VCrusadersClient.exe
     1>Done Building Project "C:\Users\Brandon\Documents\Source\Repos\VoelkeriesCrusaders\VoelkeriesCrusaders\VCrusadersClient\VCrusadersClient.vcxproj" (Build target(s)).

Build succeeded.

Time Elapsed 00:00:01.10
