Build started 5/12/2015 5:15:55 PM.
     1>Project "C:\Users\XM\Desktop\CSE_125_GAME_REPO\VoelkeriesCrusaders\client\VCrusadersClient.vcxproj" on node 2 (Build target(s)).
     1>ClCompile:
         C:\Program Files (x86)\Microsoft Visual Studio 12.0\VC\bin\CL.exe /c /IC:\Users\XM\Desktop\CSE_125_GAME_REPO\VoelkeriesCrusaders\\include /Zi /nologo /W3 /WX- /sdl /O2 /Oi /Oy- /GL /D WIN32 /D _CRT_SECURE_NO_WARNINGS /Gm- /EHsc /MD /GS /Gy /fp:precise /Zc:wchar_t /Zc:forScope /Fo"Release\\" /Fd"Release\vc120.pdb" /Gd /TP /analyze- /errorReport:prompt Animator.cpp Building.cpp camera.cpp ClientGame.cpp ClientNetwork.cpp ConfigSettings.cpp core.cpp DaeLoader.cpp Floor.cpp GameEngine.cpp GameObject.cpp matrix34.cpp NetworkServices.cpp objparser.cpp PlayState.cpp stdafx.cpp vector3.cpp Vector4.cpp
         Animator.cpp
         Building.cpp
         camera.cpp
         ClientGame.cpp
         ClientNetwork.cpp
     1>ClientNetwork.cpp(63): warning C4101: 'Sender_addr' : unreferenced local variable
         ConfigSettings.cpp
         core.cpp
         DaeLoader.cpp
         Floor.cpp
     1>Floor.cpp(40): warning C4018: '<' : signed/unsigned mismatch
         GameEngine.cpp
     1>C:\Program Files (x86)\Windows Kits\8.1\Include\shared\minwindef.h(130): warning C4005: 'APIENTRY' : macro redefinition
                 C:\Users\XM\Desktop\CSE_125_GAME_REPO\VoelkeriesCrusaders\include\GLFW/glfw3.h(85) : see previous definition of 'APIENTRY'
         GameObject.cpp
     1>GameObject.cpp(14): warning C4244: 'argument' : conversion from 'double' to 'GLfloat', possible loss of data
         matrix34.cpp
     1>matrix34.cpp(77): warning C4244: 'initializing' : conversion from 'const double' to 'float', possible loss of data
     1>matrix34.cpp(78): warning C4244: 'initializing' : conversion from 'const double' to 'float', possible loss of data
     1>matrix34.cpp(79): warning C4244: 'initializing' : conversion from 'const double' to 'float', possible loss of data
     1>matrix34.cpp(80): warning C4244: 'argument' : conversion from 'const double' to 'float', possible loss of data
         NetworkServices.cpp
         objparser.cpp
     1>objparser.cpp(88): warning C4305: 'argument' : truncation from 'double' to 'GLfloat'
         PlayState.cpp
     1>C:\Program Files (x86)\Windows Kits\8.1\Include\shared\minwindef.h(130): warning C4005: 'APIENTRY' : macro redefinition
                 C:\Users\XM\Desktop\CSE_125_GAME_REPO\VoelkeriesCrusaders\include\GLFW/glfw3.h(85) : see previous definition of 'APIENTRY'
     1>PlayState.cpp(164): warning C4244: 'argument' : conversion from 'double' to 'GLfloat', possible loss of data
     1>PlayState.cpp(280): warning C4244: 'initializing' : conversion from 'double' to 'int', possible loss of data
     1>PlayState.cpp(281): warning C4244: 'initializing' : conversion from 'double' to 'int', possible loss of data
         stdafx.cpp
         vector3.cpp
         Vector4.cpp
       Link:
         C:\Program Files (x86)\Microsoft Visual Studio 12.0\VC\bin\link.exe /ERRORREPORT:PROMPT /OUT:"C:\Users\XM\Desktop\CSE_125_GAME_REPO\VoelkeriesCrusaders\Release\client.exe" /INCREMENTAL:NO /NOLOGO /LIBPATH:C:\Users\XM\Desktop\CSE_125_GAME_REPO\VoelkeriesCrusaders\\lib kernel32.lib assimp.lib glfw3.lib opengl32.lib glu32.lib user32.lib gdi32.lib winspool.lib comdlg32.lib advapi32.lib shell32.lib ole32.lib oleaut32.lib uuid.lib odbc32.lib odbccp32.lib kernel32.lib user32.lib gdi32.lib winspool.lib comdlg32.lib advapi32.lib shell32.lib ole32.lib oleaut32.lib uuid.lib odbc32.lib odbccp32.lib /MANIFEST /MANIFESTUAC:"level='asInvoker' uiAccess='false'" /manifest:embed /DEBUG /PDB:"C:\Users\XM\Desktop\CSE_125_GAME_REPO\VoelkeriesCrusaders\Release\client.pdb" /SUBSYSTEM:CONSOLE /OPT:REF /OPT:ICF /LTCG /TLBID:1 /ENTRY:"mainCRTStartup" /DYNAMICBASE /NXCOMPAT /IMPLIB:"C:\Users\XM\Desktop\CSE_125_GAME_REPO\VoelkeriesCrusaders\Release\client.lib" /MACHINE:X86 /SAFESEH Release\Animator.obj
         Release\Building.obj
         Release\camera.obj
         Release\ClientGame.obj
         Release\ClientNetwork.obj
         Release\ConfigSettings.obj
         Release\core.obj
         Release\DaeLoader.obj
         Release\Floor.obj
         Release\GameEngine.obj
         Release\GameObject.obj
         Release\matrix34.obj
         Release\NetworkServices.obj
         Release\objparser.obj
         Release\PlayState.obj
         Release\stdafx.obj
         Release\vector3.obj
         Release\Vector4.obj
         Generating code
         Finished generating code
         VCrusadersClient.vcxproj -> C:\Users\XM\Desktop\CSE_125_GAME_REPO\VoelkeriesCrusaders\Release\client.exe
     1>Done Building Project "C:\Users\XM\Desktop\CSE_125_GAME_REPO\VoelkeriesCrusaders\client\VCrusadersClient.vcxproj" (Build target(s)).

Build succeeded.

Time Elapsed 00:00:19.75
